Command line invocation:
    /Applications/Xcode.app/Contents/Developer/usr/bin/xcodebuild -project /Users/apple/Programming/Projects/Personal/Workstation/Workstation.xcodeproj -scheme Workstation -configuration Release -derivedDataPath /Users/apple/Programming/Projects/Personal/Workstation/.derivedData build

2026-05-29 00:14:23.845 xcodebuild[59912:6336525] [MT] IDERunDestination: Supported platforms for the buildables in the current scheme is empty.
--- xcodebuild: WARNING: Using the first of multiple matching destinations:
{ platform:macOS, arch:arm64, id:00008142-001E40A10E22401C, name:My Mac }
{ platform:macOS, arch:x86_64, id:00008142-001E40A10E22401C, name:My Mac }
{ platform:macOS, name:Any Mac }
ComputePackagePrebuildTargetDependencyGraph

Prepare packages

CreateBuildRequest

SendProjectDescription

CreateBuildOperation

ComputeTargetDependencyGraph
note: Building targets in dependency order
note: Target dependency graph (2 targets)
    Target 'Workstation' in project 'Workstation'
        ➜ Explicit dependency on target 'WorkstationWidget' in project 'Workstation'
    Target 'WorkstationWidget' in project 'Workstation' (no dependencies)

GatherProvisioningInputs

CreateBuildDescription

ExecuteExternalTool /Applications/Xcode.app/Contents/Developer/Toolchains/XcodeDefault.xctoolchain/usr/bin/swiftc --version

ExecuteExternalTool /Applications/Xcode.app/Contents/Developer/Toolchains/XcodeDefault.xctoolchain/usr/bin/clang -v -E -dM -isysroot /Applications/Xcode.app/Contents/Developer/Platforms/MacOSX.platform/Developer/SDKs/MacOSX26.5.sdk -x c -c /dev/null

ExecuteExternalTool /Applications/Xcode.app/Contents/Developer/usr/bin/actool --version --output-format xml1

ExecuteExternalTool /Applications/Xcode.app/Contents/Developer/Toolchains/XcodeDefault.xctoolchain/usr/bin/ld -version_details

Build description signature: 6b442ded290489b2b525521da74c3dcc
Build description path: /Users/apple/Programming/Projects/Personal/Workstation/.derivedData/Build/Intermediates.noindex/XCBuildData/6b442ded290489b2b525521da74c3dcc.xcbuilddata
ClangStatCache /Applications/Xcode.app/Contents/Developer/Toolchains/XcodeDefault.xctoolchain/usr/bin/clang-stat-cache /Applications/Xcode.app/Contents/Developer/Platforms/MacOSX.platform/Developer/SDKs/MacOSX26.5.sdk /Users/apple/Programming/Projects/Personal/Workstation/.derivedData/SDKStatCaches.noindex/macosx26.5-25F70-e082c4a02f00227109f4ed75e425c832.sdkstatcache
    cd /Users/apple/Programming/Projects/Personal/Workstation/Workstation.xcodeproj
    /Applications/Xcode.app/Contents/Developer/Toolchains/XcodeDefault.xctoolchain/usr/bin/clang-stat-cache /Applications/Xcode.app/Contents/Developer/Platforms/MacOSX.platform/Developer/SDKs/MacOSX26.5.sdk -o /Users/apple/Programming/Projects/Personal/Workstation/.derivedData/SDKStatCaches.noindex/macosx26.5-25F70-e082c4a02f00227109f4ed75e425c832.sdkstatcache

ProcessInfoPlistFile /Users/apple/Programming/Projects/Personal/Workstation/.derivedData/Build/Products/Release/WorkstationWidget.appex/Contents/Info.plist /Users/apple/Programming/Projects/Personal/Workstation/WorkstationWidget/Info.plist (in target 'WorkstationWidget' from project 'Workstation')
    cd /Users/apple/Programming/Projects/Personal/Workstation
    builtin-infoPlistUtility /Users/apple/Programming/Projects/Personal/Workstation/WorkstationWidget/Info.plist -producttype com.apple.product-type.app-extension -expandbuildsettings -platform macosx -o /Users/apple/Programming/Projects/Personal/Workstation/.derivedData/Build/Products/Release/WorkstationWidget.appex/Contents/Info.plist

Ld /Users/apple/Programming/Projects/Personal/Workstation/.derivedData/Build/Products/Release/Workstation.app/Contents/MacOS/Workstation normal (in target 'Workstation' from project 'Workstation')
    cd /Users/apple/Programming/Projects/Personal/Workstation
    /Applications/Xcode.app/Contents/Developer/Toolchains/XcodeDefault.xctoolchain/usr/bin/clang -Xlinker -reproducible -target arm64-apple-macos15.0 -isysroot /Applications/Xcode.app/Contents/Developer/Platforms/MacOSX.platform/Developer/SDKs/MacOSX26.5.sdk -Os -L/Users/apple/Programming/Projects/Personal/Workstation/.derivedData/Build/Intermediates.noindex/EagerLinkingTBDs/Release -L/Users/apple/Programming/Projects/Personal/Workstation/.derivedData/Build/Products/Release -F/Users/apple/Programming/Projects/Personal/Workstation/.derivedData/Build/Intermediates.noindex/EagerLinkingTBDs/Release -F/Users/apple/Programming/Projects/Personal/Workstation/.derivedData/Build/Products/Release -filelist /Users/apple/Programming/Projects/Personal/Workstation/.derivedData/Build/Intermediates.noindex/Workstation.build/Release/Workstation.build/Objects-normal/arm64/Workstation.LinkFileList -Xlinker -rpath -Xlinker /usr/lib/swift -Xlinker -rpath -Xlinker @executable_path/../Frameworks -Xlinker -object_path_lto -Xlinker /Users/apple/Programming/Projects/Personal/Workstation/.derivedData/Build/Intermediates.noindex/Workstation.build/Release/Workstation.build/Objects-normal/arm64/Workstation_lto.o -Xlinker -dependency_info -Xlinker /Users/apple/Programming/Projects/Personal/Workstation/.derivedData/Build/Intermediates.noindex/Workstation.build/Release/Workstation.build/Objects-normal/arm64/Workstation_dependency_info.dat -fobjc-link-runtime -L/Applications/Xcode.app/Contents/Developer/Toolchains/XcodeDefault.xctoolchain/usr/lib/swift/macosx -L/usr/lib/swift -Xlinker -add_ast_path -Xlinker /Users/apple/Programming/Projects/Personal/Workstation/.derivedData/Build/Intermediates.noindex/Workstation.build/Release/Workstation.build/Objects-normal/arm64/Workstation.swiftmodule @/Users/apple/Programming/Projects/Personal/Workstation/.derivedData/Build/Intermediates.noindex/Workstation.build/Release/Workstation.build/Objects-normal/arm64/Workstation-linker-args.resp -o /Users/apple/Programming/Projects/Personal/Workstation/.derivedData/Build/Products/Release/Workstation.app/Contents/MacOS/Workstation

ExtractAppIntentsMetadata (in target 'Workstation' from project 'Workstation')
    cd /Users/apple/Programming/Projects/Personal/Workstation
    /Applications/Xcode.app/Contents/Developer/Toolchains/XcodeDefault.xctoolchain/usr/bin/appintentsmetadataprocessor --toolchain-dir /Applications/Xcode.app/Contents/Developer/Toolchains/XcodeDefault.xctoolchain --module-name Workstation --sdk-root /Applications/Xcode.app/Contents/Developer/Platforms/MacOSX.platform/Developer/SDKs/MacOSX26.5.sdk --xcode-version 17F42 --platform-family macOS --deployment-target 15.0 --bundle-identifier local.beads.workstation --output /Users/apple/Programming/Projects/Personal/Workstation/.derivedData/Build/Products/Release/Workstation.app/Contents/Resources --target-triple arm64-apple-macos15.0 --binary-file /Users/apple/Programming/Projects/Personal/Workstation/.derivedData/Build/Products/Release/Workstation.app/Contents/MacOS/Workstation --dependency-file /Users/apple/Programming/Projects/Personal/Workstation/.derivedData/Build/Intermediates.noindex/Workstation.build/Release/Workstation.build/Objects-normal/arm64/Workstation_dependency_info.dat --stringsdata-file /Users/apple/Programming/Projects/Personal/Workstation/.derivedData/Build/Intermediates.noindex/Workstation.build/Release/Workstation.build/Objects-normal/arm64/ExtractedAppShortcutsMetadata.stringsdata --source-file-list /Users/apple/Programming/Projects/Personal/Workstation/.derivedData/Build/Intermediates.noindex/Workstation.build/Release/Workstation.build/Objects-normal/arm64/Workstation.SwiftFileList --metadata-file-list /Users/apple/Programming/Projects/Personal/Workstation/.derivedData/Build/Intermediates.noindex/Workstation.build/Release/Workstation.build/Workstation.DependencyMetadataFileList --static-metadata-file-list /Users/apple/Programming/Projects/Personal/Workstation/.derivedData/Build/Intermediates.noindex/Workstation.build/Release/Workstation.build/Workstation.DependencyStaticMetadataFileList --swift-const-vals-list /Users/apple/Programming/Projects/Personal/Workstation/.derivedData/Build/Intermediates.noindex/Workstation.build/Release/Workstation.build/Objects-normal/arm64/Workstation.SwiftConstValuesFileList --compile-time-extraction --deployment-aware-processing --validate-assistant-intents --no-app-shortcuts-localization
2026-05-29 00:14:25.999 appintentsmetadataprocessor[60027:6336867] Starting appintentsmetadataprocessor export
2026-05-29 00:14:26.021 appintentsmetadataprocessor[60027:6336867] Extracted no relevant App Intents symbols, skipping writing output

ProcessInfoPlistFile /Users/apple/Programming/Projects/Personal/Workstation/.derivedData/Build/Products/Release/Workstation.app/Contents/Info.plist /Users/apple/Programming/Projects/Personal/Workstation/.derivedData/Build/Intermediates.noindex/Workstation.build/Release/Workstation.build/empty-Workstation.plist (in target 'Workstation' from project 'Workstation')
    cd /Users/apple/Programming/Projects/Personal/Workstation
    builtin-infoPlistUtility /Users/apple/Programming/Projects/Personal/Workstation/.derivedData/Build/Intermediates.noindex/Workstation.build/Release/Workstation.build/empty-Workstation.plist -producttype com.apple.product-type.application -genpkginfo /Users/apple/Programming/Projects/Personal/Workstation/.derivedData/Build/Products/Release/Workstation.app/Contents/PkgInfo -expandbuildsettings -platform macosx -additionalcontentfile /Users/apple/Programming/Projects/Personal/Workstation/.derivedData/Build/Intermediates.noindex/Workstation.build/Release/Workstation.build/assetcatalog_generated_info.plist -scanforprivacyfile /Users/apple/Programming/Projects/Personal/Workstation/.derivedData/Build/Products/Release/Workstation.app/Contents/PlugIns/WorkstationWidget.appex -o /Users/apple/Programming/Projects/Personal/Workstation/.derivedData/Build/Products/Release/Workstation.app/Contents/Info.plist

CopySwiftLibs /Users/apple/Programming/Projects/Personal/Workstation/.derivedData/Build/Products/Release/Workstation.app (in target 'Workstation' from project 'Workstation')
    cd /Users/apple/Programming/Projects/Personal/Workstation
    builtin-swiftStdLibTool --copy --verbose --scan-executable /Users/apple/Programming/Projects/Personal/Workstation/.derivedData/Build/Products/Release/Workstation.app/Contents/MacOS/Workstation --scan-folder /Users/apple/Programming/Projects/Personal/Workstation/.derivedData/Build/Products/Release/Workstation.app/Contents/Frameworks --scan-folder /Users/apple/Programming/Projects/Personal/Workstation/.derivedData/Build/Products/Release/Workstation.app/Contents/PlugIns --scan-folder /Users/apple/Programming/Projects/Personal/Workstation/.derivedData/Build/Products/Release/Workstation.app/Contents/Library/SystemExtensions --scan-folder /Users/apple/Programming/Projects/Personal/Workstation/.derivedData/Build/Products/Release/Workstation.app/Contents/Extensions --platform macosx --toolchain /Applications/Xcode.app/Contents/Developer/Toolchains/XcodeDefault.xctoolchain --destination /Users/apple/Programming/Projects/Personal/Workstation/.derivedData/Build/Products/Release/Workstation.app/Contents/Frameworks --strip-bitcode --strip-bitcode-tool /Applications/Xcode.app/Contents/Developer/Toolchains/XcodeDefault.xctoolchain/usr/bin/bitcode_strip --emit-dependency-info /Users/apple/Programming/Projects/Personal/Workstation/.derivedData/Build/Intermediates.noindex/Workstation.build/Release/Workstation.build/SwiftStdLibToolInputDependencies.dep --filter-for-swift-os --back-deploy-swift-span
Ignoring --strip-bitcode because --sign was not passed

GenerateDSYMFile /Users/apple/Programming/Projects/Personal/Workstation/.derivedData/Build/Products/Release/Workstation.app.dSYM /Users/apple/Programming/Projects/Personal/Workstation/.derivedData/Build/Products/Release/Workstation.app/Contents/MacOS/Workstation (in target 'Workstation' from project 'Workstation')
    cd /Users/apple/Programming/Projects/Personal/Workstation
    /Applications/Xcode.app/Contents/Developer/Toolchains/XcodeDefault.xctoolchain/usr/bin/dsymutil /Users/apple/Programming/Projects/Personal/Workstation/.derivedData/Build/Products/Release/Workstation.app/Contents/MacOS/Workstation -o /Users/apple/Programming/Projects/Personal/Workstation/.derivedData/Build/Products/Release/Workstation.app.dSYM

** BUILD SUCCEEDED **

